SF:lib\services\productgroup_service.dart
DA:9,0
DA:13,1
DA:17,1
DA:18,3
DA:19,0
DA:20,0
DA:21,0
DA:22,0
DA:23,0
DA:26,1
DA:27,3
DA:28,0
DA:31,1
DA:32,3
DA:34,0
DA:35,0
DA:39,1
DA:40,3
DA:42,0
DA:43,0
DA:47,1
DA:48,1
DA:49,3
DA:50,2
DA:51,3
DA:56,0
DA:57,0
DA:58,0
DA:59,0
LF:29
LH:14
end_of_record
SF:lib\objects\productgroup.dart
DA:13,0
DA:14,0
DA:15,0
DA:16,0
DA:17,0
DA:20,0
DA:21,0
DA:22,0
DA:23,0
DA:26,1
LF:10
LH:1
end_of_record
SF:lib\fakes\productgroup_fake.dart
DA:8,1
DA:9,1
DA:10,4
DA:11,1
DA:12,5
DA:16,1
DA:17,5
DA:20,1
DA:21,4
DA:22,3
DA:24,6
DA:26,2
DA:29,1
DA:30,5
DA:33,0
LF:15
LH:14
end_of_record
SF:lib\services\shop_service.dart
DA:9,0
DA:13,1
DA:17,1
DA:18,3
DA:19,0
DA:22,1
DA:23,1
DA:24,2
DA:28,0
DA:29,0
DA:30,0
DA:35,1
DA:36,1
DA:37,2
DA:41,0
DA:42,0
DA:46,1
DA:47,3
DA:48,0
LF:19
LH:11
end_of_record
SF:lib\objects\shop.dart
DA:11,0
DA:12,0
DA:13,0
DA:14,0
DA:17,0
DA:18,0
DA:19,0
DA:22,1
LF:8
LH:1
end_of_record
SF:lib\fakes\shop_fake.dart
DA:8,1
DA:9,2
DA:12,1
DA:13,5
DA:16,1
DA:17,4
DA:18,3
DA:20,2
DA:22,2
DA:25,1
DA:26,5
DA:29,0
DA:30,0
LF:13
LH:11
end_of_record
