SF:lib\objects\itemlist.dart
DA:19,2
DA:26,3
DA:29,1
DA:30,2
DA:31,1
DA:34,3
DA:36,1
DA:40,2
DA:41,2
DA:42,4
DA:45,2
DA:46,1
DA:47,1
DA:48,1
DA:49,1
DA:50,1
DA:51,2
DA:54,2
DA:55,1
DA:56,1
DA:57,1
DA:58,2
DA:59,2
DA:61,1
DA:63,5
LF:25
LH:25
end_of_record
SF:lib\services\itemlist_service.dart
DA:12,1
DA:16,1
DA:17,1
DA:18,2
DA:28,1
DA:29,1
DA:30,2
DA:37,1
DA:38,1
DA:39,2
DA:46,1
DA:47,1
DA:48,2
DA:56,1
DA:57,1
DA:58,2
DA:68,1
DA:69,1
DA:70,2
LF:19
LH:19
end_of_record
SF:lib\fakeDBs\itemlist_fake.dart
DA:8,1
DA:9,4
DA:10,3
DA:12,6
DA:14,2
DA:17,3
DA:19,1
DA:21,5
DA:27,1
DA:28,6
DA:30,2
DA:32,1
DA:33,5
LF:13
LH:13
end_of_record
SF:lib\objects\productgroup.dart
DA:13,2
DA:14,1
DA:15,1
DA:16,1
DA:17,1
DA:20,2
DA:21,1
DA:22,1
DA:23,1
DA:26,2
LF:10
LH:10
end_of_record
SF:lib\services\productgroup_service.dart
DA:14,2
DA:18,1
DA:20,1
DA:21,2
DA:32,0
DA:33,0
DA:34,0
DA:42,1
DA:43,1
DA:44,2
DA:45,2
DA:57,1
DA:58,3
DA:64,1
DA:65,1
DA:66,2
DA:67,1
DA:77,1
DA:78,3
DA:87,1
DA:88,1
DA:89,3
DA:90,2
DA:91,3
DA:105,1
DA:106,3
LF:26
LH:23
end_of_record
SF:lib\fakeDBs\productgroup_fake.dart
DA:8,1
DA:9,6
DA:10,5
DA:14,1
DA:16,5
DA:22,1
DA:23,4
DA:24,3
DA:26,6
DA:28,2
DA:31,1
DA:32,5
DA:35,1
DA:36,7
DA:38,0
DA:39,0
LF:16
LH:14
end_of_record
SF:lib\services\shop_service.dart
DA:15,2
DA:19,1
DA:20,3
DA:26,1
DA:27,1
DA:28,2
DA:29,1
DA:39,1
DA:40,1
DA:41,2
DA:51,1
DA:52,3
DA:58,1
DA:59,3
DA:65,0
DA:66,0
DA:68,0
DA:69,0
DA:70,0
DA:71,0
DA:72,0
DA:74,0
DA:76,0
DA:77,0
DA:79,0
DA:83,0
DA:84,0
DA:85,0
DA:86,0
DA:94,0
DA:95,0
DA:96,0
DA:112,1
DA:117,1
DA:121,1
DA:122,1
LF:36
LH:18
end_of_record
SF:lib\objects\shop.dart
DA:13,2
DA:14,1
DA:15,1
DA:16,1
DA:17,1
DA:20,2
DA:21,1
DA:22,1
DA:23,1
DA:26,2
LF:10
LH:10
end_of_record
SF:lib\fakeDBs\shop_fake.dart
DA:8,1
DA:9,2
DA:12,1
DA:13,5
DA:16,1
DA:17,4
DA:18,3
DA:20,2
DA:22,2
DA:25,1
DA:26,5
DA:30,1
DA:32,5
DA:38,0
DA:39,0
DA:40,0
DA:41,0
DA:45,0
DA:46,0
DA:47,0
DA:48,0
LF:21
LH:13
end_of_record
SF:lib\objects\template.dart
DA:19,2
DA:25,4
DA:28,4
DA:30,2
DA:31,2
DA:32,4
DA:36,2
DA:37,1
DA:38,1
DA:39,1
DA:40,1
DA:41,1
DA:44,2
DA:45,1
DA:46,1
DA:47,1
DA:48,2
LF:17
LH:17
end_of_record
SF:lib\services\template_service.dart
DA:12,1
DA:14,1
DA:15,3
DA:21,1
DA:22,3
DA:28,1
DA:29,3
DA:37,1
DA:38,3
LF:9
LH:9
end_of_record
SF:lib\fakeDBs\template_fake.dart
DA:8,1
DA:9,2
DA:12,1
DA:14,5
DA:20,1
DA:21,4
DA:22,3
DA:24,2
DA:26,2
DA:29,1
DA:30,5
LF:11
LH:11
end_of_record
SF:lib\services\userinfo_service.dart
DA:13,1
DA:15,1
DA:16,3
DA:24,1
DA:25,1
DA:26,2
DA:37,1
DA:38,1
LF:8
LH:8
end_of_record
SF:lib\fakeDBs\userinfo_fake.dart
DA:5,2
DA:7,1
DA:8,1
LF:3
LH:3
end_of_record
SF:lib\objects\userinfo.dart
DA:10,1
LF:1
LH:1
end_of_record
